<?xml version="1.0" encoding="UTF-8"?>
<!-- Generated by org.testng.reporters.JUnitReportReporter -->
<testsuite skipped="0" hostname="Dell-PC" name="testcases.LoginTest" tests="1" failures="0" timestamp="2020-01-08T17:21:37 CST" time="3.156" errors="0">
  <testcase name="loginTest" time="3.156" classname="testcases.LoginTest"/>
  <system-out/>
</testsuite> <!-- testcases.LoginTest -->
