<?xml version="1.0" encoding="UTF-8"?>
<!-- Generated by org.testng.reporters.JUnitReportReporter -->
<testsuite skipped="0" hostname="Dell-PC" name="testcases.AddProductTest" tests="4" failures="0" timestamp="2020-01-09T17:38:31 CST" time="30.177" errors="0">
  <testcase name="productDDT" time="8.161" classname="testcases.AddProductTest"/>
  <system-out/>
  <testcase name="productDDT" time="7.578" classname="testcases.AddProductTest"/>
  <system-out/>
  <testcase name="productDDT" time="7.374" classname="testcases.AddProductTest"/>
  <system-out/>
  <testcase name="productDDT" time="7.064" classname="testcases.AddProductTest"/>
  <system-out/>
</testsuite> <!-- testcases.AddProductTest -->
