<?xml version="1.0" encoding="UTF-8"?>
<!-- Generated by org.testng.reporters.JUnitReportReporter -->
<testsuite skipped="0" hostname="Dell-PC" name="testcases.LoginDDT" tests="2" failures="0" timestamp="2020-01-09T14:03:11 CST" time="12.435" errors="0">
  <testcase name="loginDDT" time="4.376" classname="testcases.LoginDDT"/>
  <system-out/>
  <testcase name="loginDDT" time="8.059" classname="testcases.LoginDDT"/>
  <system-out/>
</testsuite> <!-- testcases.LoginDDT -->
